mode: set
set/internal/devdata/loader.go:11.55,13.31 1 0
set/internal/devdata/loader.go:13.31,15.46 1 0
set/internal/devdata/loader.go:15.47,17.4 0 0
set/internal/devdata/loader.go:17.9,20.18 2 0
set/internal/devdata/loader.go:20.18,23.48 3 0
set/internal/devdata/loader.go:23.48,25.6 1 0
set/internal/devdata/loader.go:31.2,32.16 2 0
set/internal/devdata/loader.go:32.16,34.3 1 0
set/internal/devdata/loader.go:37.2,38.56 2 0
set/internal/devdata/loader.go:38.56,40.3 1 0
set/internal/devdata/loader.go:43.2,43.30 1 0
set/internal/devdata/loader.go:43.30,45.3 1 0
set/internal/devdata/loader.go:47.2,47.23 1 0
set/internal/devdata/loader.go:51.38,60.32 2 0
set/internal/devdata/loader.go:60.32,61.41 1 0
set/internal/devdata/loader.go:61.41,63.4 1 0
set/internal/devdata/loader.go:66.2,66.25 1 0
set/internal/logger/logger.go:18.45,21.15 2 1
set/internal/logger/logger.go:22.15,23.32 1 1
set/internal/logger/logger.go:24.14,25.31 1 1
set/internal/logger/logger.go:26.14,27.31 1 1
set/internal/logger/logger.go:28.15,29.32 1 1
set/internal/logger/logger.go:30.10,31.31 1 1
set/internal/logger/logger.go:34.2,39.19 3 1
set/internal/logger/logger.go:39.19,45.3 1 1
set/internal/logger/logger.go:48.2,55.21 2 1
set/internal/logger/logger.go:59.24,61.2 1 1
set/internal/logger/logger.go:64.49,66.2 1 1
set/internal/logger/logger.go:69.23,71.2 1 1
set/internal/logger/logger.go:74.48,76.2 1 1
set/internal/logger/logger.go:79.23,81.2 1 1
set/internal/logger/logger.go:84.48,86.2 1 1
set/internal/logger/logger.go:89.24,91.2 1 1
set/internal/logger/logger.go:94.49,96.2 1 1
set/internal/logger/logger.go:99.24,101.2 1 0
set/internal/logger/logger.go:104.49,106.2 1 0
set/internal/logger/logger.go:109.62,111.2 1 1
set/internal/logger/logger.go:114.42,116.2 1 1
set/internal/estimator/batch.go:90.78,91.21 1 1
set/internal/estimator/batch.go:91.21,93.3 1 1
set/internal/estimator/batch.go:95.2,99.3 1 1
set/internal/estimator/batch.go:103.63,105.16 2 1
set/internal/estimator/batch.go:105.16,107.3 1 0
set/internal/estimator/batch.go:108.2,112.49 4 1
set/internal/estimator/batch.go:112.49,114.3 1 0
set/internal/estimator/batch.go:116.2,116.29 1 1
set/internal/estimator/batch.go:116.29,118.3 1 1
set/internal/estimator/batch.go:120.2,120.22 1 1
set/internal/estimator/batch.go:124.70,126.16 2 1
set/internal/estimator/batch.go:126.16,128.3 1 0
set/internal/estimator/batch.go:129.2,133.16 4 1
set/internal/estimator/batch.go:133.16,135.3 1 0
set/internal/estimator/batch.go:137.2,137.22 1 1
set/internal/estimator/batch.go:137.22,139.3 1 0
set/internal/estimator/batch.go:142.2,144.29 3 1
set/internal/estimator/batch.go:144.29,146.3 1 1
set/internal/estimator/batch.go:149.2,150.18 2 1
set/internal/estimator/batch.go:150.18,152.3 1 1
set/internal/estimator/batch.go:155.2,164.37 7 1
set/internal/estimator/batch.go:164.37,165.30 1 1
set/internal/estimator/batch.go:165.30,167.12 2 0
set/internal/estimator/batch.go:170.3,175.49 2 1
set/internal/estimator/batch.go:175.49,177.4 1 1
set/internal/estimator/batch.go:177.9,179.4 1 0
set/internal/estimator/batch.go:182.3,182.28 1 1
set/internal/estimator/batch.go:182.28,184.4 1 1
set/internal/estimator/batch.go:187.3,187.57 1 1
set/internal/estimator/batch.go:187.57,190.4 2 1
set/internal/estimator/batch.go:193.3,193.32 1 1
set/internal/estimator/batch.go:193.32,195.4 1 1
set/internal/estimator/batch.go:198.3,198.32 1 1
set/internal/estimator/batch.go:198.32,200.4 1 1
set/internal/estimator/batch.go:202.3,202.46 1 1
set/internal/estimator/batch.go:205.2,205.29 1 1
set/internal/estimator/batch.go:205.29,207.3 1 0
set/internal/estimator/batch.go:209.2,209.21 1 1
set/internal/estimator/batch.go:213.106,232.37 7 1
set/internal/estimator/batch.go:232.37,235.3 2 1
set/internal/estimator/batch.go:238.2,238.31 1 1
set/internal/estimator/batch.go:238.31,240.3 1 1
set/internal/estimator/batch.go:241.2,244.12 2 1
set/internal/estimator/batch.go:244.12,247.3 2 1
set/internal/estimator/batch.go:250.2,250.31 1 1
set/internal/estimator/batch.go:250.31,252.26 2 1
set/internal/estimator/batch.go:252.26,255.4 2 0
set/internal/estimator/batch.go:255.9,257.4 1 1
set/internal/estimator/batch.go:261.2,270.20 5 1
set/internal/estimator/batch.go:274.131,277.32 2 1
set/internal/estimator/batch.go:277.32,295.39 4 1
set/internal/estimator/batch.go:295.39,297.4 1 0
set/internal/estimator/batch.go:300.3,301.17 2 1
set/internal/estimator/batch.go:301.17,303.4 1 0
set/internal/estimator/batch.go:303.9,305.4 1 1
set/internal/estimator/batch.go:307.3,310.19 2 1
set/internal/estimator/batch.go:315.88,327.33 5 1
set/internal/estimator/batch.go:327.33,328.85 1 1
set/internal/estimator/batch.go:328.85,329.12 1 1
set/internal/estimator/batch.go:332.3,343.44 6 1
set/internal/estimator/batch.go:343.44,346.4 2 1
set/internal/estimator/batch.go:349.3,353.34 3 1
set/internal/estimator/batch.go:353.34,355.4 1 1
set/internal/estimator/batch.go:355.9,355.41 1 1
set/internal/estimator/batch.go:355.41,357.4 1 1
set/internal/estimator/batch.go:357.9,359.4 1 1
set/internal/estimator/batch.go:363.2,363.20 1 1
set/internal/estimator/batch.go:363.20,368.3 4 1
set/internal/estimator/batch.go:370.2,370.25 1 1
set/internal/estimator/batch.go:370.25,372.3 1 1
set/internal/estimator/batch.go:374.2,374.14 1 1
set/internal/estimator/batch.go:379.43,380.13 1 1
set/internal/estimator/batch.go:380.13,382.3 1 1
set/internal/estimator/batch.go:383.2,385.45 2 1
set/internal/estimator/batch.go:385.45,387.20 2 1
set/internal/estimator/batch.go:387.20,389.4 1 1
set/internal/estimator/batch.go:391.2,391.14 1 1
set/internal/estimator/batch.go:394.48,395.22 1 1
set/internal/estimator/batch.go:395.22,397.3 1 1
set/internal/estimator/batch.go:400.2,401.27 2 1
set/internal/estimator/batch.go:401.27,403.3 1 1
set/internal/estimator/batch.go:404.2,404.35 1 1
set/internal/estimator/batch.go:407.40,408.22 1 1
set/internal/estimator/batch.go:408.22,410.3 1 1
set/internal/estimator/batch.go:411.2,412.31 2 1
set/internal/estimator/batch.go:412.31,413.14 1 1
set/internal/estimator/batch.go:413.14,415.4 1 1
set/internal/estimator/batch.go:417.2,417.12 1 1
set/internal/estimator/batch.go:420.40,421.22 1 1
set/internal/estimator/batch.go:421.22,423.3 1 1
set/internal/estimator/batch.go:424.2,425.31 2 1
set/internal/estimator/batch.go:425.31,426.14 1 1
set/internal/estimator/batch.go:426.14,428.4 1 1
set/internal/estimator/batch.go:430.2,430.12 1 1
set/internal/estimator/estimator.go:21.104,22.19 1 1
set/internal/estimator/estimator.go:22.19,24.3 1 1
set/internal/estimator/estimator.go:26.2,30.3 1 1
set/internal/estimator/estimator.go:34.90,45.16 6 1
set/internal/estimator/estimator.go:45.16,48.3 2 1
set/internal/estimator/estimator.go:49.2,74.56 14 1
set/internal/estimator/estimator.go:74.56,76.3 1 1
set/internal/estimator/estimator.go:78.2,79.16 2 1
set/internal/estimator/estimator.go:79.16,81.3 1 0
set/internal/estimator/estimator.go:83.2,92.20 7 1
set/internal/estimator/estimator.go:96.165,105.18 2 1
set/internal/estimator/estimator.go:105.18,108.45 2 1
set/internal/estimator/estimator.go:108.45,116.4 1 0
set/internal/estimator/estimator.go:118.3,127.4 1 1
set/internal/estimator/estimator.go:131.2,131.23 1 1
set/internal/estimator/estimator.go:131.23,137.3 1 1
set/internal/estimator/estimator.go:140.2,140.32 1 1
set/internal/estimator/estimator.go:140.32,141.30 1 0
set/internal/estimator/estimator.go:141.30,142.12 1 0
set/internal/estimator/estimator.go:145.3,155.71 2 0
set/internal/estimator/estimator.go:159.2,159.45 1 1
set/internal/estimator/estimator.go:164.82,165.26 1 1
set/internal/estimator/estimator.go:165.26,167.3 1 1
set/internal/estimator/estimator.go:169.2,181.34 7 0
set/internal/estimator/estimator.go:181.34,184.56 2 0
set/internal/estimator/estimator.go:184.56,186.4 1 0
set/internal/estimator/estimator.go:189.3,189.27 1 0
set/internal/estimator/estimator.go:189.27,193.4 3 0
set/internal/estimator/estimator.go:196.3,196.31 1 0
set/internal/estimator/estimator.go:196.31,198.4 1 0
set/internal/estimator/estimator.go:201.3,201.24 1 0
set/internal/estimator/estimator.go:201.24,202.44 1 0
set/internal/estimator/estimator.go:202.44,205.29 2 0
set/internal/estimator/estimator.go:205.29,207.6 1 0
set/internal/estimator/estimator.go:210.5,210.44 1 0
set/internal/estimator/estimator.go:210.44,212.6 1 0
set/internal/estimator/estimator.go:218.2,218.20 1 0
set/internal/estimator/estimator.go:218.20,222.21 2 0
set/internal/estimator/estimator.go:222.21,226.42 3 0
set/internal/estimator/estimator.go:226.42,227.47 1 0
set/internal/estimator/estimator.go:227.47,228.41 1 0
set/internal/estimator/estimator.go:228.41,230.7 1 0
set/internal/estimator/estimator.go:235.4,236.31 2 0
set/internal/estimator/estimator.go:236.31,238.5 1 0
set/internal/estimator/estimator.go:238.10,240.5 1 0
set/internal/estimator/estimator.go:243.4,245.34 3 0
set/internal/estimator/estimator.go:245.34,248.5 2 0
set/internal/estimator/estimator.go:253.2,253.50 1 0
set/internal/estimator/estimator.go:253.50,254.27 1 0
set/internal/estimator/estimator.go:254.27,255.12 1 0
set/internal/estimator/estimator.go:258.3,268.32 5 0
set/internal/estimator/estimator.go:268.32,270.29 2 0
set/internal/estimator/estimator.go:270.29,272.5 1 0
set/internal/estimator/estimator.go:273.4,273.29 1 0
set/internal/estimator/estimator.go:273.29,275.5 1 0
set/internal/estimator/estimator.go:277.3,279.47 2 0
set/internal/estimator/estimator.go:282.2,282.14 1 0
set/internal/estimator/estimator.go:287.136,292.37 3 1
set/internal/estimator/estimator.go:292.37,293.46 1 0
set/internal/estimator/estimator.go:293.46,294.9 1 0
set/internal/estimator/estimator.go:296.3,297.33 2 0
set/internal/estimator/estimator.go:301.2,301.44 1 1
set/internal/estimator/estimator.go:301.44,303.35 2 1
set/internal/estimator/estimator.go:303.35,304.25 1 0
set/internal/estimator/estimator.go:304.25,305.13 1 0
set/internal/estimator/estimator.go:307.4,307.32 1 0
set/internal/estimator/estimator.go:307.32,309.5 1 0
set/internal/estimator/estimator.go:313.3,314.30 2 1
set/internal/estimator/estimator.go:314.30,315.47 1 1
set/internal/estimator/estimator.go:315.47,316.10 1 0
set/internal/estimator/estimator.go:318.4,320.35 3 1
set/internal/estimator/estimator.go:320.35,322.5 1 1
set/internal/estimator/estimator.go:325.4,325.81 1 1
set/internal/estimator/estimator.go:325.81,326.24 1 0
set/internal/estimator/estimator.go:326.24,334.6 3 0
set/internal/estimator/estimator.go:340.2,340.44 1 1
set/internal/estimator/estimator.go:340.44,343.35 2 1
set/internal/estimator/estimator.go:343.35,344.25 1 0
set/internal/estimator/estimator.go:344.25,345.13 1 0
set/internal/estimator/estimator.go:347.4,347.28 1 0
set/internal/estimator/estimator.go:347.28,349.5 1 0
set/internal/estimator/estimator.go:353.3,353.44 1 1
set/internal/estimator/estimator.go:353.44,354.49 1 0
set/internal/estimator/estimator.go:354.49,355.70 1 0
set/internal/estimator/estimator.go:355.70,357.6 1 0
set/internal/estimator/estimator.go:362.3,362.30 1 1
set/internal/estimator/estimator.go:362.30,364.34 2 0
set/internal/estimator/estimator.go:364.34,365.48 1 0
set/internal/estimator/estimator.go:365.48,366.11 1 0
set/internal/estimator/estimator.go:368.5,370.27 3 0
set/internal/estimator/estimator.go:370.27,377.6 2 0
set/internal/estimator/estimator.go:382.2,388.17 2 1
set/internal/estimator/estimator.go:392.70,393.22 1 1
set/internal/estimator/estimator.go:393.22,395.3 1 1
set/internal/estimator/estimator.go:398.2,399.16 2 0
set/internal/estimator/estimator.go:399.16,401.3 1 0
set/internal/estimator/estimator.go:403.2,405.31 2 0
set/internal/estimator/estimator.go:405.31,406.30 1 0
set/internal/estimator/estimator.go:406.30,407.12 1 0
set/internal/estimator/estimator.go:410.3,415.34 2 0
set/internal/estimator/estimator.go:415.34,419.4 3 0
set/internal/estimator/estimator.go:422.3,422.79 1 0
set/internal/estimator/estimator.go:422.79,424.4 1 0
set/internal/estimator/estimator.go:427.2,429.24 2 0
set/internal/estimator/estimator.go:434.74,435.27 1 1
set/internal/estimator/estimator.go:435.27,436.41 1 1
set/internal/estimator/estimator.go:436.41,437.27 1 1
set/internal/estimator/estimator.go:438.17,439.13 1 1
set/internal/estimator/estimator.go:440.13,441.22 1 1
set/internal/estimator/estimator.go:442.16,444.54 2 1
set/internal/estimator/estimator.go:444.54,446.6 1 1
set/internal/estimator/estimator.go:450.2,450.10 1 1
set/internal/estimator/estimator.go:453.74,454.27 1 1
set/internal/estimator/estimator.go:454.27,455.41 1 1
set/internal/estimator/estimator.go:455.41,456.33 1 1
set/internal/estimator/estimator.go:456.33,458.5 1 1
set/internal/estimator/estimator.go:461.2,461.11 1 1
set/internal/estimator/estimator.go:464.40,465.21 1 1
set/internal/estimator/estimator.go:465.21,467.3 1 1
set/internal/estimator/estimator.go:469.2,470.29 2 1
set/internal/estimator/estimator.go:470.29,472.3 1 1
set/internal/estimator/estimator.go:474.2,477.34 3 1
set/internal/estimator/estimator.go:477.34,478.23 1 1
set/internal/estimator/estimator.go:478.23,481.4 2 1
set/internal/estimator/estimator.go:484.2,484.13 1 1
set/internal/estimator/estimator.go:487.78,488.42 1 1
set/internal/estimator/estimator.go:488.42,490.3 1 1
set/internal/estimator/estimator.go:493.2,494.32 2 1
set/internal/estimator/estimator.go:494.32,496.3 1 1
set/internal/estimator/estimator.go:497.2,501.22 3 1
set/internal/estimator/estimator.go:501.22,503.3 1 0
set/internal/estimator/estimator.go:506.2,509.22 2 1
set/internal/estimator/estimator.go:509.22,511.3 1 1
set/internal/estimator/estimator.go:512.2,512.22 1 1
set/internal/estimator/estimator.go:512.22,514.3 1 0
set/internal/estimator/estimator.go:516.2,516.19 1 1
set/internal/estimator/estimator.go:519.41,520.14 1 1
set/internal/estimator/estimator.go:521.17,522.11 1 1
set/internal/estimator/estimator.go:523.16,524.11 1 1
set/internal/estimator/estimator.go:525.16,526.11 1 1
set/internal/estimator/estimator.go:527.16,528.11 1 1
set/internal/estimator/estimator.go:529.17,530.12 1 1
set/internal/estimator/estimator.go:531.10,532.11 1 1
set/internal/estimator/similarity.go:14.74,15.50 1 1
set/internal/estimator/similarity.go:15.50,17.3 1 1
set/internal/estimator/similarity.go:19.2,28.59 6 1
set/internal/estimator/similarity.go:28.59,32.3 3 1
set/internal/estimator/similarity.go:35.2,40.69 4 1
set/internal/estimator/similarity.go:40.69,44.3 3 0
set/internal/estimator/similarity.go:47.2,47.21 1 1
set/internal/estimator/similarity.go:47.21,49.3 1 1
set/internal/estimator/similarity.go:51.2,51.12 1 0
set/internal/estimator/similarity.go:55.110,56.19 1 1
set/internal/estimator/similarity.go:56.19,58.3 1 0
set/internal/estimator/similarity.go:60.2,64.34 4 1
set/internal/estimator/similarity.go:64.34,68.33 2 1
set/internal/estimator/similarity.go:68.33,70.25 2 1
set/internal/estimator/similarity.go:70.25,72.5 1 1
set/internal/estimator/similarity.go:75.3,75.50 1 1
set/internal/estimator/similarity.go:75.50,82.4 2 1
set/internal/estimator/similarity.go:86.2,86.46 1 1
set/internal/estimator/similarity.go:86.46,89.3 1 0
set/internal/estimator/similarity.go:92.2,95.43 2 1
set/internal/estimator/similarity.go:95.43,97.3 1 0
set/internal/estimator/similarity.go:99.2,99.16 1 1
set/internal/estimator/similarity.go:104.140,105.19 1 1
set/internal/estimator/similarity.go:105.19,107.3 1 0
set/internal/estimator/similarity.go:110.2,136.34 11 1
set/internal/estimator/similarity.go:136.34,140.33 3 0
set/internal/estimator/similarity.go:140.33,142.4 1 0
set/internal/estimator/similarity.go:144.3,148.5 1 0
set/internal/estimator/similarity.go:152.2,152.39 1 1
set/internal/estimator/similarity.go:152.39,156.38 3 1
set/internal/estimator/similarity.go:156.38,157.38 1 0
set/internal/estimator/similarity.go:157.38,163.5 1 0
set/internal/estimator/similarity.go:167.3,170.40 2 1
set/internal/estimator/similarity.go:170.40,173.33 2 0
set/internal/estimator/similarity.go:173.33,175.5 1 0
set/internal/estimator/similarity.go:175.10,177.5 1 0
set/internal/estimator/similarity.go:178.4,180.9 2 0
set/internal/estimator/similarity.go:184.3,184.69 1 1
set/internal/estimator/similarity.go:184.69,186.33 2 0
set/internal/estimator/similarity.go:186.33,188.5 1 0
set/internal/estimator/similarity.go:188.10,190.5 1 0
set/internal/estimator/similarity.go:191.4,193.9 2 0
set/internal/estimator/similarity.go:198.2,198.27 1 1
set/internal/estimator/similarity.go:198.27,201.3 2 1
set/internal/estimator/similarity.go:203.2,211.29 2 1
set/internal/estimator/similarity.go:215.59,220.26 3 1
set/internal/estimator/similarity.go:220.26,222.3 1 1
set/internal/estimator/similarity.go:225.2,228.42 3 1
set/internal/estimator/similarity.go:232.66,233.44 1 1
set/internal/estimator/similarity.go:233.44,235.3 1 1
set/internal/estimator/similarity.go:236.2,236.44 1 1
set/internal/estimator/similarity.go:236.44,238.3 1 1
set/internal/estimator/similarity.go:240.2,240.44 1 1
set/internal/estimator/similarity.go:244.84,245.46 1 1
set/internal/estimator/similarity.go:245.46,247.3 1 1
set/internal/estimator/similarity.go:248.2,248.46 1 1
set/internal/estimator/similarity.go:248.46,250.3 1 1
set/internal/estimator/similarity.go:252.2,255.34 3 1
set/internal/estimator/similarity.go:255.34,257.44 2 1
set/internal/estimator/similarity.go:257.44,258.33 1 1
set/internal/estimator/similarity.go:258.33,260.5 1 1
set/internal/estimator/similarity.go:265.2,265.28 1 1
set/internal/estimator/similarity.go:265.28,266.42 1 1
set/internal/estimator/similarity.go:266.42,268.4 1 1
set/internal/estimator/similarity.go:271.2,271.16 1 1
set/internal/estimator/similarity.go:271.16,273.3 1 0
set/internal/estimator/similarity.go:275.2,275.42 1 1
set/internal/estimator/similarity.go:279.53,280.38 1 1
set/internal/estimator/similarity.go:280.38,282.3 1 1
set/internal/estimator/similarity.go:285.2,288.28 3 1
set/internal/estimator/similarity.go:288.28,290.3 1 1
set/internal/estimator/similarity.go:291.2,291.28 1 1
set/internal/estimator/similarity.go:291.28,293.3 1 1
set/internal/estimator/similarity.go:296.2,297.25 2 1
set/internal/estimator/similarity.go:297.25,298.17 1 1
set/internal/estimator/similarity.go:298.17,300.4 1 1
set/internal/estimator/similarity.go:304.2,306.16 2 1
set/internal/estimator/similarity.go:306.16,308.3 1 0
set/internal/estimator/similarity.go:310.2,310.47 1 1
set/internal/estimator/similarity.go:314.60,315.40 1 1
set/internal/estimator/similarity.go:315.40,317.3 1 1
set/internal/estimator/similarity.go:320.2,321.34 2 1
set/internal/estimator/similarity.go:321.34,322.44 1 1
set/internal/estimator/similarity.go:322.44,324.4 1 1
set/internal/estimator/similarity.go:328.2,329.30 2 1
set/internal/estimator/similarity.go:329.30,331.3 1 1
set/internal/estimator/similarity.go:332.2,332.30 1 1
set/internal/estimator/similarity.go:332.30,334.3 1 1
set/internal/estimator/similarity.go:336.2,339.28 3 1
set/internal/estimator/similarity.go:339.28,341.3 1 0
set/internal/estimator/similarity.go:343.2,343.35 1 1
set/internal/estimator/similarity.go:347.40,356.25 4 1
set/internal/estimator/similarity.go:356.25,357.71 1 1
set/internal/estimator/similarity.go:357.71,359.4 1 1
set/internal/estimator/similarity.go:362.2,362.24 1 1
set/internal/estimator/similarity.go:366.41,370.29 3 1
set/internal/estimator/similarity.go:370.29,372.20 2 1
set/internal/estimator/similarity.go:372.20,374.4 1 1
set/internal/estimator/similarity.go:377.2,378.27 2 1
set/internal/estimator/similarity.go:378.27,380.3 1 1
set/internal/estimator/similarity.go:382.2,382.15 1 1
set/internal/estimator/similarity.go:386.50,388.37 2 1
set/internal/estimator/similarity.go:388.37,390.3 1 1
set/internal/estimator/similarity.go:391.2,391.15 1 1
set/internal/estimator/similarity.go:395.71,400.20 3 1
set/internal/estimator/similarity.go:400.20,402.3 1 1
set/internal/estimator/similarity.go:405.2,405.59 1 1
set/internal/estimator/similarity.go:405.59,407.20 2 1
set/internal/estimator/similarity.go:407.20,409.4 1 1
set/internal/estimator/similarity.go:413.2,414.20 2 1
set/internal/estimator/similarity.go:414.20,416.3 1 1
set/internal/estimator/similarity.go:419.2,419.69 1 1
set/internal/estimator/similarity.go:419.69,421.23 2 0
set/internal/estimator/similarity.go:421.23,423.4 1 0
set/internal/estimator/similarity.go:426.2,426.16 1 1
set/internal/estimator/similarity.go:430.45,436.2 3 1
set/internal/estimator/similarity.go:439.37,440.14 1 1
set/internal/estimator/similarity.go:440.14,442.3 1 1
set/internal/estimator/similarity.go:444.2,444.25 1 1
set/internal/estimator/similarity.go:445.14,446.13 1 1
set/internal/estimator/similarity.go:447.27,448.68 1 1
set/internal/estimator/similarity.go:449.10,450.68 1 1
set/internal/estimator/similarity.go:455.51,457.36 1 1
set/internal/estimator/similarity.go:457.36,458.41 1 1
set/internal/estimator/similarity.go:458.41,459.53 1 1
set/internal/estimator/similarity.go:459.53,461.5 1 1
set/internal/estimator/types.go:40.50,47.2 1 1
set/internal/estimator/types.go:91.56,92.25 1 1
set/internal/estimator/types.go:92.25,94.3 1 1
set/internal/estimator/types.go:96.2,97.9 2 1
set/internal/estimator/types.go:98.20,99.16 1 1
set/internal/estimator/types.go:100.20,101.18 1 1
set/internal/estimator/types.go:102.10,103.15 1 1
set/internal/estimator/types.go:108.54,109.25 1 1
set/internal/estimator/types.go:109.25,111.3 1 1
set/internal/estimator/types.go:112.2,112.37 1 1
set/internal/github/client.go:37.38,46.2 1 1
set/internal/github/client.go:49.94,53.71 3 1
set/internal/github/client.go:53.71,55.3 1 1
set/internal/github/client.go:57.2,57.25 1 1
set/internal/github/client.go:61.72,70.69 3 1
set/internal/github/client.go:70.69,72.3 1 1
set/internal/github/client.go:74.2,74.38 1 1
set/internal/github/client.go:78.121,80.46 1 1
set/internal/github/client.go:80.46,82.3 1 0
set/internal/github/client.go:85.2,85.21 1 1
set/internal/github/client.go:85.21,87.17 2 0
set/internal/github/client.go:87.17,89.4 1 0
set/internal/github/client.go:90.3,90.10 1 0
set/internal/github/client.go:94.2,95.16 2 1
set/internal/github/client.go:95.16,97.3 1 0
set/internal/github/client.go:100.2,107.16 6 1
set/internal/github/client.go:107.16,109.3 1 0
set/internal/github/client.go:110.2,116.53 3 1
set/internal/github/client.go:116.53,119.3 2 1
set/internal/github/client.go:122.2,122.19 1 1
set/internal/github/client.go:122.19,123.67 1 1
set/internal/github/client.go:123.67,125.4 1 0
set/internal/github/client.go:128.2,128.12 1 1
set/internal/github/client.go:132.60,133.32 1 1
set/internal/github/client.go:133.32,136.19 2 1
set/internal/github/client.go:136.19,138.11 2 1
set/internal/github/client.go:139.32,140.15 1 0
set/internal/github/client.go:141.22,142.21 1 1
set/internal/github/client.go:145.8,145.52 1 1
set/internal/github/client.go:145.52,149.10 3 0
set/internal/github/client.go:150.28,151.14 1 0
set/internal/github/client.go:152.21,153.20 1 0
set/internal/github/client.go:157.2,157.12 1 1
set/internal/github/client.go:161.66,162.60 1 1
set/internal/github/client.go:162.60,163.50 1 1
set/internal/github/client.go:163.50,165.4 1 1
set/internal/github/client.go:168.2,168.72 1 1
set/internal/github/client.go:168.72,169.54 1 1
set/internal/github/client.go:169.54,171.4 1 1
set/internal/github/client.go:174.2,174.60 1 1
set/internal/github/client.go:174.60,175.62 1 1
set/internal/github/client.go:175.62,177.4 1 1
set/internal/github/client.go:180.2,180.133 1 1
set/internal/github/client.go:184.59,187.22 2 1
set/internal/github/client.go:187.22,189.3 1 1
set/internal/github/client.go:192.2,194.29 2 1
set/internal/github/client.go:194.29,199.24 3 1
set/internal/github/client.go:199.24,200.12 1 1
set/internal/github/client.go:204.3,212.27 6 1
set/internal/github/client.go:215.2,215.14 1 1
set/internal/github/client.go:219.79,221.16 2 1
set/internal/github/client.go:221.16,223.3 1 1
set/internal/github/client.go:225.2,226.33 2 1
set/internal/github/client.go:226.33,228.3 1 1
set/internal/github/client.go:229.2,231.24 2 1
set/internal/github/client.go:235.51,237.2 1 1
set/internal/github/client.go:240.121,242.21 1 1
set/internal/github/client.go:242.21,244.17 2 1
set/internal/github/client.go:244.17,246.4 1 1
set/internal/github/client.go:247.3,247.10 1 1
set/internal/github/client.go:251.2,252.16 2 1
set/internal/github/client.go:252.16,254.3 1 0
set/internal/github/client.go:257.2,261.17 4 1
set/internal/github/client.go:265.95,267.46 1 1
set/internal/github/client.go:267.46,269.3 1 0
set/internal/github/client.go:272.2,274.16 3 1
set/internal/github/client.go:274.16,276.3 1 1
set/internal/github/client.go:279.2,282.53 2 1
set/internal/github/client.go:282.53,286.3 3 1
set/internal/github/client.go:288.2,288.18 1 1
set/internal/github/client.go:292.51,294.2 1 1
set/internal/github/client.go:297.44,299.16 2 1
set/internal/github/client.go:299.16,301.3 1 1
set/internal/github/client.go:303.2,304.19 2 1
set/internal/github/client.go:304.19,306.3 1 1
set/internal/github/client.go:308.2,309.16 2 1
set/internal/github/client.go:309.16,311.3 1 1
set/internal/github/client.go:313.2,313.13 1 1
set/internal/github/issues.go:14.109,15.17 1 1
set/internal/github/issues.go:15.17,17.3 1 1
set/internal/github/issues.go:19.2,24.6 4 1
set/internal/github/issues.go:24.6,26.17 2 1
set/internal/github/issues.go:26.17,28.4 1 1
set/internal/github/issues.go:31.3,31.32 1 1
set/internal/github/issues.go:31.32,32.30 1 1
set/internal/github/issues.go:32.30,34.5 1 1
set/internal/github/issues.go:37.3,39.15 2 1
set/internal/github/issues.go:39.15,40.9 1 1
set/internal/github/issues.go:43.3,46.10 2 1
set/internal/github/issues.go:47.21,48.31 1 0
set/internal/github/issues.go:49.11,49.11 0 1
set/internal/github/issues.go:53.2,56.52 2 1
set/internal/github/issues.go:56.52,58.84 2 0
set/internal/github/issues.go:58.84,61.4 1 0
set/internal/github/issues.go:64.2,64.23 1 1
set/internal/github/issues.go:68.129,81.23 3 1
set/internal/github/issues.go:81.23,83.3 1 1
set/internal/github/issues.go:86.2,87.16 2 1
set/internal/github/issues.go:87.16,89.3 1 0
set/internal/github/issues.go:92.2,93.16 2 1
set/internal/github/issues.go:93.16,95.3 1 1
set/internal/github/issues.go:96.2,100.55 3 1
set/internal/github/issues.go:100.55,102.3 1 1
set/internal/github/issues.go:105.2,109.29 4 1
set/internal/github/issues.go:113.98,117.66 3 1
set/internal/github/issues.go:117.66,119.3 1 1
set/internal/github/issues.go:121.2,121.20 1 1
set/internal/github/issues.go:125.112,130.2 3 1
set/internal/github/issues.go:133.98,148.16 5 1
set/internal/github/issues.go:148.16,150.3 1 1
set/internal/github/issues.go:152.2,153.16 2 1
set/internal/github/issues.go:153.16,155.3 1 1
set/internal/github/issues.go:156.2,162.45 4 1
set/internal/github/issues.go:162.45,164.52 1 1
set/internal/github/issues.go:164.52,167.4 1 1
set/internal/github/issues.go:171.2,172.55 2 1
set/internal/github/issues.go:172.55,174.3 1 1
set/internal/github/issues.go:176.2,176.57 1 0
set/internal/github/projects.go:17.134,24.16 3 0
set/internal/github/projects.go:24.16,26.3 1 0
set/internal/github/projects.go:28.2,29.16 2 0
set/internal/github/projects.go:29.16,31.3 1 0
set/internal/github/projects.go:33.2,38.16 5 0
set/internal/github/projects.go:38.16,40.3 1 0
set/internal/github/projects.go:41.2,43.38 2 0
set/internal/github/projects.go:43.38,46.3 2 0
set/internal/github/projects.go:48.2,53.68 2 0
set/internal/github/projects.go:53.68,55.3 1 0
set/internal/github/projects.go:57.2,57.29 1 0
set/internal/github/projects.go:57.29,59.3 1 0
set/internal/github/projects.go:61.2,61.26 1 0
set/internal/github/projects.go:65.112,104.16 4 0
set/internal/github/projects.go:104.16,106.3 1 0
set/internal/github/projects.go:109.2,111.66 2 0
set/internal/github/projects.go:111.66,112.67 1 0
set/internal/github/projects.go:112.67,113.72 1 0
set/internal/github/projects.go:113.72,114.61 1 0
set/internal/github/projects.go:114.61,115.33 1 0
set/internal/github/projects.go:115.33,116.60 1 0
set/internal/github/projects.go:116.60,123.8 2 0
set/internal/github/projects.go:130.2,130.20 1 0
set/internal/github/projects.go:134.130,207.16 5 0
set/internal/github/projects.go:207.16,209.3 1 0
set/internal/github/projects.go:212.2,214.65 2 0
set/internal/github/projects.go:214.65,215.62 1 0
set/internal/github/projects.go:215.62,216.78 1 0
set/internal/github/projects.go:216.78,217.63 1 0
set/internal/github/projects.go:217.63,218.33 1 0
set/internal/github/projects.go:218.33,219.59 1 0
set/internal/github/projects.go:219.59,220.82 1 0
set/internal/github/projects.go:220.82,221.71 1 0
set/internal/github/projects.go:221.71,222.47 1 0
set/internal/github/projects.go:222.47,223.69 1 0
set/internal/github/projects.go:223.69,228.52 3 0
set/internal/github/projects.go:228.52,230.13 1 0
set/internal/github/projects.go:242.2,243.26 2 0
set/internal/github/projects.go:247.133,320.16 5 0
set/internal/github/projects.go:320.16,322.3 1 0
set/internal/github/projects.go:325.2,327.65 2 0
set/internal/github/projects.go:327.65,328.65 1 0
set/internal/github/projects.go:328.65,329.75 1 0
set/internal/github/projects.go:329.75,330.63 1 0
set/internal/github/projects.go:330.63,331.33 1 0
set/internal/github/projects.go:331.33,332.59 1 0
set/internal/github/projects.go:332.59,333.82 1 0
set/internal/github/projects.go:333.82,334.71 1 0
set/internal/github/projects.go:334.71,335.47 1 0
set/internal/github/projects.go:335.47,336.69 1 0
set/internal/github/projects.go:336.69,341.52 3 0
set/internal/github/projects.go:341.52,343.13 1 0
set/internal/github/projects.go:355.2,356.26 2 0
set/internal/github/projects.go:360.63,361.65 1 0
set/internal/github/projects.go:361.65,362.45 1 0
set/internal/github/projects.go:362.45,364.4 1 0
set/internal/github/projects.go:366.2,366.11 1 0
set/internal/github/projects.go:370.69,372.47 1 0
set/internal/github/projects.go:372.47,374.3 1 0
set/internal/github/projects.go:376.2,376.52 1 0
set/internal/github/projects.go:376.52,378.3 1 0
set/internal/github/projects.go:380.2,380.47 1 0
set/internal/github/projects.go:380.47,382.3 1 0
set/internal/github/projects.go:384.2,384.47 1 0
set/internal/github/projects.go:384.47,386.3 1 0
set/internal/github/projects.go:388.2,388.49 1 0
set/internal/github/projects.go:388.49,390.3 1 0
set/internal/github/projects.go:391.2,391.12 1 0
set/internal/github/projects.go:395.110,398.31 2 0
set/internal/github/projects.go:398.31,400.17 2 0
set/internal/github/projects.go:400.17,403.12 2 0
set/internal/github/projects.go:406.3,406.28 1 0
set/internal/github/projects.go:406.28,408.4 1 0
set/internal/github/projects.go:411.2,412.12 2 0
set/internal/github/projects.go:416.119,419.25 2 0
set/internal/github/projects.go:419.25,421.17 2 0
set/internal/github/projects.go:421.17,424.12 2 0
set/internal/github/projects.go:427.3,427.28 1 0
set/internal/github/projects.go:427.28,429.4 1 0
set/internal/github/projects.go:432.2,433.12 2 0
set/internal/github/pulls.go:14.121,15.17 1 1
set/internal/github/pulls.go:15.17,17.3 1 1
set/internal/github/pulls.go:19.2,24.6 4 1
set/internal/github/pulls.go:24.6,26.17 2 1
set/internal/github/pulls.go:26.17,28.4 1 1
set/internal/github/pulls.go:30.3,34.15 3 1
set/internal/github/pulls.go:34.15,35.9 1 1
set/internal/github/pulls.go:38.3,41.10 2 1
set/internal/github/pulls.go:42.21,43.28 1 0
set/internal/github/pulls.go:44.11,44.11 0 1
set/internal/github/pulls.go:48.2,51.49 2 1
set/internal/github/pulls.go:51.49,53.87 2 0
set/internal/github/pulls.go:53.87,56.4 1 0
set/internal/github/pulls.go:59.2,59.20 1 1
set/internal/github/pulls.go:63.141,77.16 4 1
set/internal/github/pulls.go:77.16,79.3 1 0
set/internal/github/pulls.go:82.2,83.16 2 1
set/internal/github/pulls.go:83.16,85.3 1 1
set/internal/github/pulls.go:86.2,90.52 3 1
set/internal/github/pulls.go:90.52,92.3 1 1
set/internal/github/pulls.go:95.2,99.26 4 1
set/internal/github/pulls.go:103.110,107.63 3 1
set/internal/github/pulls.go:107.63,109.3 1 1
set/internal/github/pulls.go:111.2,111.17 1 1
set/internal/github/pulls.go:115.124,120.2 3 1
set/internal/github/pulls.go:123.104,138.16 5 1
set/internal/github/pulls.go:138.16,140.3 1 1
set/internal/github/pulls.go:142.2,143.16 2 1
set/internal/github/pulls.go:143.16,145.3 1 0
set/internal/github/pulls.go:146.2,152.45 4 1
set/internal/github/pulls.go:152.45,154.52 1 1
set/internal/github/pulls.go:154.52,157.4 1 1
set/internal/github/pulls.go:161.2,162.52 2 1
set/internal/github/pulls.go:162.52,164.3 1 1
set/internal/github/pulls.go:166.2,166.64 1 0
set/internal/github/types.go:109.42,118.2 1 1
set/internal/github/types.go:121.38,123.2 1 1
set/internal/github/types.go:126.52,127.23 1 1
set/internal/github/types.go:127.23,129.3 1 1
set/internal/github/types.go:130.2,131.18 2 1
set/internal/github/types.go:135.60,136.24 1 1
set/internal/github/types.go:136.24,138.3 1 1
set/internal/github/types.go:139.2,140.18 2 1
set/internal/github/validator.go:30.61,35.17 2 1
set/internal/github/validator.go:35.17,38.3 2 1
set/internal/github/validator.go:41.2,43.16 3 0
set/internal/github/validator.go:43.16,46.3 2 0
set/internal/github/validator.go:48.2,52.16 4 0
set/internal/github/validator.go:52.16,55.3 2 0
set/internal/github/validator.go:56.2,59.64 2 0
set/internal/github/validator.go:59.64,61.3 1 0
set/internal/github/validator.go:62.2,62.76 1 0
set/internal/github/validator.go:62.76,64.3 1 0
set/internal/github/validator.go:67.2,67.63 1 0
set/internal/github/validator.go:67.63,69.3 1 0
set/internal/github/validator.go:71.2,71.28 1 0
set/internal/github/validator.go:71.28,74.3 2 0
set/internal/github/validator.go:76.2,76.28 1 0
set/internal/github/validator.go:76.28,80.3 3 0
set/internal/github/validator.go:83.2,88.69 2 0
set/internal/github/validator.go:88.69,91.3 2 0
set/internal/github/validator.go:93.2,103.20 7 0
set/internal/github/validator.go:107.82,110.16 2 0
set/internal/github/validator.go:110.16,112.3 1 0
set/internal/github/validator.go:114.2,114.19 1 0
set/internal/github/validator.go:114.19,116.3 1 0
set/internal/github/validator.go:119.2,119.24 1 0
set/internal/github/validator.go:119.24,122.3 2 0
set/internal/github/validator.go:125.2,128.16 4 0
set/internal/github/validator.go:128.16,131.3 2 0
set/internal/github/validator.go:133.2,137.16 4 0
set/internal/github/validator.go:137.16,140.3 2 0
set/internal/github/validator.go:141.2,143.28 2 0
set/internal/github/validator.go:143.28,147.3 3 0
set/internal/github/validator.go:149.2,149.28 1 0
set/internal/github/validator.go:149.28,154.3 4 0
set/internal/github/validator.go:157.2,162.69 2 0
set/internal/github/validator.go:162.69,165.3 2 0
set/internal/github/validator.go:167.2,171.20 4 0
set/internal/github/validator.go:175.93,185.16 7 0
set/internal/github/validator.go:185.16,187.3 1 0
set/internal/github/validator.go:188.2,199.16 8 0
set/internal/github/validator.go:199.16,201.3 1 0
set/internal/github/validator.go:202.2,206.27 3 0
set/internal/github/validator.go:210.51,211.27 1 1
set/internal/github/validator.go:211.27,212.17 1 1
set/internal/github/validator.go:212.17,214.4 1 1
set/internal/github/validator.go:216.2,216.14 1 1
set/internal/storage/storage.go:32.44,36.16 2 1
set/internal/storage/storage.go:36.16,38.3 1 1
set/internal/storage/storage.go:41.2,41.42 1 1
set/internal/storage/storage.go:41.42,42.76 1 1
set/internal/storage/storage.go:42.76,43.72 1 1
set/internal/storage/storage.go:43.72,45.5 1 0
set/internal/storage/storage.go:47.3,47.13 1 1
set/internal/storage/storage.go:49.2,49.16 1 1
set/internal/storage/storage.go:49.16,52.3 2 0
set/internal/storage/storage.go:54.2,55.40 2 1
set/internal/storage/storage.go:59.31,60.17 1 1
set/internal/storage/storage.go:60.17,63.3 2 1
set/internal/storage/storage.go:64.2,64.12 1 0
set/internal/storage/storage.go:68.58,69.44 1 1
set/internal/storage/storage.go:69.44,71.20 2 1
set/internal/storage/storage.go:71.20,73.4 1 0
set/internal/storage/storage.go:75.3,75.32 1 1
set/internal/storage/storage.go:75.32,78.18 3 1
set/internal/storage/storage.go:78.18,80.5 1 0
set/internal/storage/storage.go:82.4,82.48 1 1
set/internal/storage/storage.go:82.48,84.5 1 0
set/internal/storage/storage.go:87.3,88.13 2 1
set/internal/storage/storage.go:93.67,94.44 1 1
set/internal/storage/storage.go:94.44,96.20 2 1
set/internal/storage/storage.go:96.20,98.4 1 0
set/internal/storage/storage.go:100.3,100.26 1 1
set/internal/storage/storage.go:100.26,103.18 3 1
set/internal/storage/storage.go:103.18,105.5 1 0
set/internal/storage/storage.go:107.4,107.48 1 1
set/internal/storage/storage.go:107.48,109.5 1 0
set/internal/storage/storage.go:112.3,113.13 2 1
set/internal/storage/storage.go:118.61,121.43 2 1
set/internal/storage/storage.go:121.43,123.20 2 1
set/internal/storage/storage.go:123.20,125.4 1 0
set/internal/storage/storage.go:127.3,129.18 3 1
set/internal/storage/storage.go:129.18,131.4 1 1
set/internal/storage/storage.go:133.3,133.38 1 1
set/internal/storage/storage.go:136.2,136.16 1 1
set/internal/storage/storage.go:136.16,138.3 1 1
set/internal/storage/storage.go:140.2,140.20 1 1
set/internal/storage/storage.go:144.73,147.43 2 1
set/internal/storage/storage.go:147.43,149.20 2 1
set/internal/storage/storage.go:149.20,151.4 1 0
set/internal/storage/storage.go:153.3,155.18 3 1
set/internal/storage/storage.go:155.18,157.4 1 1
set/internal/storage/storage.go:159.3,159.35 1 1
set/internal/storage/storage.go:162.2,162.16 1 1
set/internal/storage/storage.go:162.16,164.3 1 1
set/internal/storage/storage.go:166.2,166.17 1 1
set/internal/storage/storage.go:170.57,173.43 2 1
set/internal/storage/storage.go:173.43,175.20 2 1
set/internal/storage/storage.go:175.20,177.4 1 0
set/internal/storage/storage.go:179.3,179.49 1 1
set/internal/storage/storage.go:179.49,181.52 2 1
set/internal/storage/storage.go:181.52,184.5 2 0
set/internal/storage/storage.go:185.4,186.14 2 1
set/internal/storage/storage.go:190.2,190.16 1 1
set/internal/storage/storage.go:190.16,192.3 1 0
set/internal/storage/storage.go:194.2,194.20 1 1
set/internal/storage/storage.go:198.69,201.43 2 1
set/internal/storage/storage.go:201.43,203.20 2 1
set/internal/storage/storage.go:203.20,205.4 1 0
set/internal/storage/storage.go:207.3,207.49 1 1
set/internal/storage/storage.go:207.49,209.49 2 1
set/internal/storage/storage.go:209.49,212.5 2 0
set/internal/storage/storage.go:213.4,214.14 2 1
set/internal/storage/storage.go:218.2,218.16 1 1
set/internal/storage/storage.go:218.16,220.3 1 0
set/internal/storage/storage.go:222.2,222.17 1 1
set/internal/storage/storage.go:226.48,227.45 1 1
set/internal/storage/storage.go:227.45,229.20 2 1
set/internal/storage/storage.go:229.20,231.4 1 0
set/internal/storage/storage.go:233.3,234.17 2 1
set/internal/storage/storage.go:234.17,236.4 1 0
set/internal/storage/storage.go:238.3,238.47 1 1
set/internal/storage/storage.go:243.51,246.43 2 1
set/internal/storage/storage.go:246.43,248.20 2 1
set/internal/storage/storage.go:248.20,250.4 1 0
set/internal/storage/storage.go:252.3,253.18 2 1
set/internal/storage/storage.go:253.18,255.4 1 1
set/internal/storage/storage.go:257.3,257.40 1 1
set/internal/storage/storage.go:260.2,260.16 1 1
set/internal/storage/storage.go:260.16,262.3 1 0
set/internal/storage/storage.go:265.2,265.23 1 1
set/internal/storage/storage.go:265.23,267.3 1 1
set/internal/storage/storage.go:269.2,269.23 1 1
set/internal/storage/storage.go:273.62,274.45 1 1
set/internal/storage/storage.go:274.45,276.20 2 1
set/internal/storage/storage.go:276.20,278.4 1 0
set/internal/storage/storage.go:280.3,281.17 2 1
set/internal/storage/storage.go:281.17,283.4 1 0
set/internal/storage/storage.go:285.3,285.43 1 1
set/internal/storage/storage.go:290.61,293.43 2 1
set/internal/storage/storage.go:293.43,295.20 2 1
set/internal/storage/storage.go:295.20,297.4 1 0
set/internal/storage/storage.go:299.3,300.18 2 1
set/internal/storage/storage.go:300.18,302.4 1 1
set/internal/storage/storage.go:304.3,304.37 1 1
set/internal/storage/storage.go:307.2,307.16 1 1
set/internal/storage/storage.go:307.16,309.3 1 1
set/internal/storage/storage.go:311.2,311.19 1 1
set/internal/storage/storage.go:315.44,318.43 2 1
set/internal/storage/storage.go:318.43,320.20 2 1
set/internal/storage/storage.go:320.20,322.4 1 0
set/internal/storage/storage.go:324.3,325.13 2 1
set/internal/storage/storage.go:328.2,328.19 1 1
set/internal/storage/storage.go:332.50,335.43 2 1
set/internal/storage/storage.go:335.43,337.20 2 1
set/internal/storage/storage.go:337.20,339.4 1 0
set/internal/storage/storage.go:341.3,342.13 2 1
set/internal/storage/storage.go:345.2,345.19 1 1
set/internal/storage/storage.go:349.31,350.45 1 1
set/internal/storage/storage.go:350.45,352.80 1 1
set/internal/storage/storage.go:352.80,353.95 1 1
set/internal/storage/storage.go:353.95,355.5 1 0
set/internal/storage/storage.go:359.3,359.80 1 1
set/internal/storage/storage.go:359.80,360.65 1 1
set/internal/storage/storage.go:360.65,362.5 1 0
set/internal/storage/storage.go:365.3,366.13 2 1
set/internal/ai/openai.go:31.51,42.2 1 1
set/internal/ai/openai.go:45.47,47.2 1 1
set/internal/ai/openai.go:50.41,52.2 1 1
set/internal/ai/openai.go:55.43,57.2 1 1
set/internal/ai/openai.go:60.94,61.22 1 1
set/internal/ai/openai.go:61.22,63.3 1 1
set/internal/ai/openai.go:65.2,98.18 7 1
set/internal/ai/openai.go:98.18,100.3 1 0
set/internal/ai/openai.go:100.8,102.3 1 1
set/internal/ai/openai.go:105.2,105.25 1 1
set/internal/ai/openai.go:105.25,107.3 1 1
set/internal/ai/openai.go:113.2,116.22 2 1
set/internal/ai/openai.go:116.22,120.3 1 0
set/internal/ai/openai.go:122.2,129.16 5 1
set/internal/ai/openai.go:129.16,133.3 3 1
set/internal/ai/openai.go:136.2,142.32 5 0
set/internal/ai/openai.go:142.32,144.3 1 0
set/internal/ai/openai.go:147.2,151.31 2 0
set/internal/ai/openai.go:151.31,153.3 1 0
set/internal/ai/openai.go:155.2,164.16 6 0
set/internal/ai/openai.go:164.16,169.3 2 0
set/internal/ai/openai.go:171.2,177.24 2 0
set/internal/ai/openai.go:181.102,184.16 2 1
set/internal/ai/openai.go:184.16,186.3 1 0
set/internal/ai/openai.go:189.2,190.16 2 1
set/internal/ai/openai.go:190.16,192.3 1 0
set/internal/ai/openai.go:195.2,200.16 4 1
set/internal/ai/openai.go:200.16,202.3 1 0
set/internal/ai/openai.go:203.2,207.16 3 1
set/internal/ai/openai.go:207.16,209.3 1 0
set/internal/ai/openai.go:212.2,212.42 1 1
set/internal/ai/openai.go:212.42,214.84 2 1
set/internal/ai/openai.go:214.84,216.4 1 1
set/internal/ai/openai.go:217.3,217.101 1 0
set/internal/ai/openai.go:221.2,222.55 2 0
set/internal/ai/openai.go:222.55,224.3 1 0
set/internal/ai/openai.go:226.2,226.22 1 0
set/internal/ai/openai.go:230.51,232.2 1 1
set/internal/ai/openai.go:235.94,241.2 2 1
set/internal/ai/openai.go:244.123,251.2 2 1
set/internal/ai/openai.go:254.47,255.22 1 1
set/internal/ai/openai.go:255.22,257.3 1 1
set/internal/ai/openai.go:258.2,258.27 1 1
set/internal/ai/openai.go:262.47,263.22 1 1
set/internal/ai/openai.go:263.22,265.3 1 1
set/internal/ai/openai.go:267.2,283.16 5 0
set/internal/ai/openai.go:283.16,285.3 1 0
set/internal/ai/openai.go:287.2,287.12 1 0
set/internal/ai/prompts.go:51.59,58.31 4 1
set/internal/ai/prompts.go:58.31,60.3 1 1
set/internal/ai/prompts.go:63.2,63.26 1 1
set/internal/ai/prompts.go:63.26,65.39 2 1
set/internal/ai/prompts.go:65.39,67.4 1 1
set/internal/ai/prompts.go:68.3,68.27 1 1
set/internal/ai/prompts.go:72.2,72.29 1 1
set/internal/ai/prompts.go:72.29,76.36 3 1
set/internal/ai/prompts.go:76.36,78.4 1 1
set/internal/ai/prompts.go:81.3,81.49 1 1
set/internal/ai/prompts.go:81.49,88.4 1 0
set/internal/ai/prompts.go:90.3,90.44 1 1
set/internal/ai/prompts.go:90.44,94.35 4 0
set/internal/ai/prompts.go:94.35,95.81 1 0
set/internal/ai/prompts.go:95.81,97.6 1 0
set/internal/ai/prompts.go:99.4,99.59 1 0
set/internal/ai/prompts.go:103.3,103.50 1 1
set/internal/ai/prompts.go:103.50,105.68 2 0
set/internal/ai/prompts.go:105.68,109.34 4 0
set/internal/ai/prompts.go:109.34,111.6 1 0
set/internal/ai/prompts.go:112.5,112.29 1 0
set/internal/ai/prompts.go:116.3,116.27 1 1
set/internal/ai/prompts.go:120.2,120.31 1 1
set/internal/ai/prompts.go:120.31,122.35 2 1
set/internal/ai/prompts.go:122.35,127.4 2 0
set/internal/ai/prompts.go:128.3,130.41 2 1
set/internal/ai/prompts.go:130.41,133.30 2 1
set/internal/ai/prompts.go:133.30,135.5 1 0
set/internal/ai/prompts.go:137.4,138.27 2 1
set/internal/ai/prompts.go:138.27,140.5 1 1
set/internal/ai/prompts.go:141.4,145.30 3 1
set/internal/ai/prompts.go:145.30,147.5 1 0
set/internal/ai/prompts.go:149.4,149.28 1 1
set/internal/ai/prompts.go:149.28,151.5 1 1
set/internal/ai/prompts.go:153.4,153.32 1 1
set/internal/ai/prompts.go:153.32,155.5 1 1
set/internal/ai/prompts.go:157.4,157.28 1 1
set/internal/ai/prompts.go:157.28,159.5 1 0
set/internal/ai/prompts.go:161.4,161.28 1 1
set/internal/ai/prompts.go:161.28,163.5 1 0
set/internal/ai/prompts.go:165.4,165.34 1 1
set/internal/ai/prompts.go:165.34,167.41 2 0
set/internal/ai/prompts.go:167.41,169.6 1 0
set/internal/ai/prompts.go:172.4,172.28 1 1
set/internal/ai/prompts.go:174.8,174.88 1 1
set/internal/ai/prompts.go:174.88,179.3 3 1
set/internal/ai/prompts.go:182.2,191.24 9 1
set/internal/ai/prompts.go:195.67,201.23 4 1
set/internal/ai/prompts.go:201.23,203.3 1 1
set/internal/ai/prompts.go:205.2,212.24 7 1
set/internal/ai/prompts.go:216.71,221.67 3 1
set/internal/ai/prompts.go:221.67,223.3 1 1
set/internal/ai/prompts.go:226.2,226.62 1 1
set/internal/ai/prompts.go:226.62,228.3 1 1
set/internal/ai/prompts.go:230.2,230.23 1 1
set/internal/ai/prompts.go:234.50,239.36 2 1
set/internal/ai/prompts.go:239.36,241.21 2 1
set/internal/ai/prompts.go:241.21,245.31 2 1
set/internal/ai/prompts.go:245.31,246.41 1 1
set/internal/ai/prompts.go:246.41,248.11 2 1
set/internal/ai/prompts.go:251.4,251.36 1 1
set/internal/ai/prompts.go:256.2,257.20 2 1
set/internal/ai/prompts.go:257.20,260.41 2 1
set/internal/ai/prompts.go:260.41,261.22 1 1
set/internal/ai/prompts.go:261.22,263.5 1 1
set/internal/ai/prompts.go:263.10,263.29 1 1
set/internal/ai/prompts.go:263.29,265.24 2 1
set/internal/ai/prompts.go:265.24,268.11 2 1
set/internal/ai/prompts.go:274.2,274.32 1 1
set/internal/ai/prompts.go:278.65,279.29 1 1
set/internal/ai/prompts.go:279.29,281.3 1 1
set/internal/ai/prompts.go:283.2,283.26 1 1
set/internal/ai/prompts.go:283.26,285.3 1 0
set/internal/ai/prompts.go:287.2,287.58 1 1
set/internal/ai/prompts.go:287.58,289.3 1 1
set/internal/ai/prompts.go:291.2,294.65 2 1
set/internal/ai/prompts.go:294.65,296.3 1 1
set/internal/ai/prompts.go:298.2,298.26 1 1
set/internal/ai/prompts.go:298.26,300.3 1 1
set/internal/ai/prompts.go:302.2,302.12 1 1
set/internal/ai/prompts.go:306.66,307.17 1 1
set/internal/ai/prompts.go:307.17,309.3 1 1
set/internal/ai/prompts.go:311.2,324.31 10 1
set/internal/ai/prompts.go:324.31,326.47 2 1
set/internal/ai/prompts.go:326.47,328.4 1 1
set/internal/ai/prompts.go:329.3,329.27 1 1
set/internal/ai/prompts.go:332.2,332.25 1 1
set/internal/ai/prompts.go:332.25,334.35 2 1
set/internal/ai/prompts.go:334.35,336.4 1 1
set/internal/ai/prompts.go:337.3,337.27 1 1
set/internal/ai/prompts.go:340.2,340.34 1 1
set/internal/ai/prompts.go:340.34,343.3 2 0
set/internal/ai/prompts.go:345.2,347.24 2 1
set/internal/ai/prompts.go:351.46,353.21 2 1
set/internal/ai/prompts.go:353.21,355.3 1 1
set/internal/ai/prompts.go:357.2,360.29 3 1
set/internal/ai/prompts.go:360.29,361.43 1 1
set/internal/ai/prompts.go:361.43,362.25 1 1
set/internal/ai/prompts.go:362.25,364.5 1 1
set/internal/ai/prompts.go:365.4,365.22 1 1
set/internal/ai/prompts.go:366.9,367.25 1 1
set/internal/ai/prompts.go:367.25,369.5 1 1
set/internal/ai/prompts.go:369.10,371.5 1 1
set/internal/ai/prompts.go:375.2,375.23 1 1
set/internal/ai/prompts.go:375.23,377.3 1 1
set/internal/ai/prompts.go:379.2,379.34 1 1
set/internal/ai/types.go:152.48,153.14 1 1
set/internal/ai/types.go:154.14,155.18 1 1
set/internal/ai/types.go:156.13,157.18 1 1
set/internal/ai/types.go:158.13,159.18 1 1
set/internal/ai/types.go:160.13,161.19 1 1
set/internal/ai/types.go:162.14,163.20 1 1
set/internal/ai/types.go:164.10,165.14 1 1
set/internal/ai/types.go:170.38,171.9 1 1
set/internal/ai/types.go:172.17,173.16 1 1
set/internal/ai/types.go:174.17,175.15 1 1
set/internal/ai/types.go:176.17,177.15 1 1
set/internal/ai/types.go:178.18,179.15 1 1
set/internal/ai/types.go:180.10,181.16 1 1
set/internal/config/config.go:53.30,78.2 1 1
set/internal/config/config.go:81.30,83.16 2 1
set/internal/config/config.go:83.16,85.3 1 0
set/internal/config/config.go:88.2,88.55 1 1
set/internal/config/config.go:88.55,91.35 2 1
set/internal/config/config.go:91.35,93.4 1 0
set/internal/config/config.go:94.3,94.18 1 1
set/internal/config/config.go:97.2,100.45 3 1
set/internal/config/config.go:100.45,102.3 1 0
set/internal/config/config.go:104.2,105.46 2 1
set/internal/config/config.go:105.46,107.3 1 0
set/internal/config/config.go:109.2,109.18 1 1
set/internal/config/config.go:113.30,115.16 2 1
set/internal/config/config.go:115.16,117.3 1 0
set/internal/config/config.go:120.2,121.53 2 1
set/internal/config/config.go:121.53,123.3 1 0
set/internal/config/config.go:126.2,139.56 13 1
set/internal/config/config.go:139.56,141.3 1 0
set/internal/config/config.go:143.2,143.12 1 1
set/internal/config/config.go:148.44,150.16 2 0
set/internal/config/config.go:150.16,152.3 1 0
set/internal/config/config.go:154.2,154.46 1 0
set/internal/config/config.go:158.35,160.54 1 1
set/internal/config/config.go:160.54,162.3 1 0
set/internal/config/config.go:165.2,165.83 1 1
set/internal/config/config.go:165.83,167.3 1 1
set/internal/config/config.go:170.2,170.89 1 1
set/internal/config/config.go:170.89,172.3 1 1
set/internal/config/config.go:175.2,175.84 1 1
set/internal/config/config.go:175.84,177.3 1 1
set/internal/config/config.go:180.2,180.75 1 1
set/internal/config/config.go:180.75,182.3 1 1
set/internal/config/config.go:184.2,184.12 1 1
set/internal/config/config.go:188.38,190.2 1 1
set/internal/config/validator.go:12.46,13.17 1 1
set/internal/config/validator.go:13.17,15.3 1 1
set/internal/config/validator.go:20.2,23.39 3 1
set/internal/config/validator.go:23.39,24.39 1 1
set/internal/config/validator.go:24.39,26.9 2 1
set/internal/config/validator.go:30.2,30.21 1 1
set/internal/config/validator.go:30.21,32.3 1 1
set/internal/config/validator.go:35.2,35.21 1 1
set/internal/config/validator.go:35.21,37.3 1 1
set/internal/config/validator.go:39.2,39.12 1 1
set/internal/config/validator.go:43.44,44.16 1 1
set/internal/config/validator.go:44.16,46.3 1 1
set/internal/config/validator.go:49.2,50.36 2 1
set/internal/config/validator.go:50.36,52.3 1 1
set/internal/config/validator.go:54.2,54.12 1 1
set/internal/config/validator.go:58.49,59.15 1 1
set/internal/config/validator.go:59.15,61.3 1 1
set/internal/config/validator.go:63.2,63.18 1 1
set/internal/config/validator.go:64.16,65.37 1 1
set/internal/config/validator.go:65.37,67.4 1 1
set/internal/config/validator.go:68.3,68.20 1 1
set/internal/config/validator.go:68.20,70.4 1 1
set/internal/config/validator.go:71.16,72.41 1 1
set/internal/config/validator.go:72.41,74.4 1 1
set/internal/config/validator.go:75.3,75.20 1 1
set/internal/config/validator.go:75.20,77.4 1 1
set/internal/config/validator.go:78.10,80.20 1 1
set/internal/config/validator.go:80.20,82.4 1 1
set/internal/config/validator.go:85.2,85.12 1 1
set/internal/config/validator.go:89.45,91.57 1 1
set/internal/config/validator.go:91.57,93.3 1 1
set/internal/config/validator.go:96.2,97.48 2 1
set/internal/config/validator.go:97.48,99.3 1 1
set/internal/config/validator.go:101.2,101.12 1 0
set/internal/config/validator.go:113.79,120.57 2 1
set/internal/config/validator.go:120.57,123.3 2 1
set/internal/config/validator.go:126.2,126.18 1 1
set/internal/config/validator.go:127.16,129.49 2 1
set/internal/config/validator.go:129.49,132.4 2 1
set/internal/config/validator.go:133.3,134.25 2 0
set/internal/config/validator.go:136.16,139.78 2 0
set/internal/config/validator.go:141.10,143.65 2 1
set/internal/config/validator.go:146.2,146.20 1 0
